LexToken(INT,'int',2,5)
LexToken(ID,'v',2,7)
LexToken(ABRECOLCH,'[',2,8)
LexToken(NUMERO,10,2,10)
LexToken(FECHACOLCH,']',2,11)
LexToken(PONTOVIRGULA,';',2,12)
LexToken(ID,'bubblesort',4,12)
LexToken(ABREPAREN,'(',4,13)
LexToken(INT,'int',4,16)
LexToken(ID,'v',4,18)
LexToken(ABRECOLCH,'[',4,19)
LexToken(FECHACOLCH,']',4,20)
LexToken(VIRGULA,',',4,21)
LexToken(INT,'int',4,25)
LexToken(ID,'n',4,27)
LexToken(FECHAPAREN,')',4,28)
LexToken(ABRECHAVE,'{',4,30)
LexToken(INT,'int',5,7)
LexToken(ID,'i',5,9)
LexToken(ATRIB,'=',5,10)
LexToken(NUMERO,0,5,11)
LexToken(VIRGULA,',',5,12)
LexToken(ID,'j',5,14)
LexToken(PONTOVIRGULA,';',5,15)
LexToken(BOOL,'bool',6,8)
LexToken(ID,'trocou',6,15)
LexToken(ATRIB,'=',6,17)
LexToken(TRUE,'true',6,22)
LexToken(PONTOVIRGULA,';',6,23)
LexToken(WHILE,'while',7,9)
LexToken(ABREPAREN,'(',7,11)
LexToken(ID,'i',7,12)
LexToken(MENOR,'<',7,14)
LexToken(ID,'n',7,16)
LexToken(MENOS,'-',7,17)
LexToken(NUMERO,1,7,18)
LexToken(E,'&&',7,21)
LexToken(ID,'trocou',7,28)
LexToken(FECHAPAREN,')',7,29)
LexToken(ABRECHAVE,'{',7,31)
LexToken(ID,'trocou',8,12)
LexToken(ATRIB,'=',8,14)
LexToken(FALSE,'false',8,20)
LexToken(PONTOVIRGULA,';',8,21)
LexToken(FOR,'for',9,9)
LexToken(ABREPAREN,'(',9,11)
LexToken(ID,'j',9,12)
LexToken(ATRIB,'=',9,13)
LexToken(NUMERO,0,9,14)
LexToken(PONTOVIRGULA,';',9,15)
LexToken(ID,'j',9,17)
LexToken(MENOR,'<',9,19)
LexToken(ID,'n',9,21)
LexToken(MENOS,'-',9,22)
LexToken(ID,'i',9,23)
LexToken(MENOS,'-',9,24)
LexToken(NUMERO,1,9,25)
LexToken(PONTOVIRGULA,';',9,26)
LexToken(ID,'j',9,28)
LexToken(MAISATRIB,'+=',9,30)
LexToken(NUMERO,1,9,31)
LexToken(FECHAPAREN,')',9,32)
LexToken(ABRECHAVE,'{',9,34)
LexToken(IF,'if',10,10)
LexToken(ABREPAREN,'(',10,12)
LexToken(ID,'v',10,13)
LexToken(ABRECOLCH,'[',10,14)
LexToken(ID,'j',10,15)
LexToken(FECHACOLCH,']',10,16)
LexToken(MAIOR,'>',10,18)
LexToken(ID,'v',10,20)
LexToken(ABRECOLCH,'[',10,21)
LexToken(ID,'j',10,22)
LexToken(MAIS,'+',10,23)
LexToken(NUMERO,1,10,24)
LexToken(FECHACOLCH,']',10,25)
LexToken(FECHAPAREN,')',10,26)
LexToken(ABRECHAVE,'{',10,28)
LexToken(INT,'int',11,13)
LexToken(ID,'aux',11,17)
LexToken(PONTOVIRGULA,';',11,18)
LexToken(ID,'aux',12,13)
LexToken(ATRIB,'=',12,15)
LexToken(ID,'v',12,17)
LexToken(ABRECOLCH,'[',12,18)
LexToken(ID,'j',12,19)
LexToken(FECHACOLCH,']',12,20)
LexToken(PONTOVIRGULA,';',12,21)
LexToken(ID,'v',13,11)
LexToken(ABRECOLCH,'[',13,12)
LexToken(ID,'j',13,13)
LexToken(FECHACOLCH,']',13,14)
LexToken(ATRIB,'=',13,16)
LexToken(ID,'v',13,18)
LexToken(ABRECOLCH,'[',13,19)
LexToken(ID,'j',13,20)
LexToken(MAIS,'+',13,21)
LexToken(NUMERO,1,13,22)
LexToken(FECHACOLCH,']',13,23)
LexToken(PONTOVIRGULA,';',13,24)
LexToken(ID,'v',14,11)
LexToken(ABRECOLCH,'[',14,12)
LexToken(ID,'j',14,13)
LexToken(MAIS,'+',14,14)
LexToken(NUMERO,1,14,15)
LexToken(FECHACOLCH,']',14,16)
LexToken(ATRIB,'=',14,18)
LexToken(ID,'aux',14,22)
LexToken(PONTOVIRGULA,';',14,23)
LexToken(ID,'trocou',15,16)
LexToken(ATRIB,'=',15,18)
LexToken(TRUE,'true',15,23)
LexToken(PONTOVIRGULA,';',15,24)
LexToken(FECHACHAVE,'}',16,9)
LexToken(FECHACHAVE,'}',17,7)
LexToken(ID,'i',18,7)
LexToken(MAISATRIB,'+=',18,10)
LexToken(NUMERO,1,18,12)
LexToken(PONTOVIRGULA,';',18,13)
LexToken(FECHACHAVE,'}',19,5)
LexToken(FECHACHAVE,'}',20,3)
LexToken(ID,'main',21,6)
LexToken(ABREPAREN,'(',21,7)
LexToken(FECHAPAREN,')',21,8)
LexToken(ABRECHAVE,'{',21,10)
LexToken(INT,'int',22,7)
LexToken(ID,'i',22,9)
LexToken(PONTOVIRGULA,';',22,10)
LexToken(FOR,'for',23,7)
LexToken(ABREPAREN,'(',23,9)
LexToken(ID,'i',23,10)
LexToken(ATRIB,'=',23,11)
LexToken(NUMERO,0,23,12)
LexToken(PONTOVIRGULA,';',23,13)
LexToken(ID,'i',23,15)
LexToken(MENOR,'<',23,17)
LexToken(NUMERO,10,23,20)
LexToken(PONTOVIRGULA,';',23,21)
LexToken(ID,'i',23,23)
LexToken(MAISATRIB,'+=',23,25)
LexToken(NUMERO,1,23,26)
LexToken(FECHAPAREN,')',23,27)
LexToken(ABRECHAVE,'{',23,29)
LexToken(ID,'read',24,10)
LexToken(ID,'v',24,12)
LexToken(ABRECOLCH,'[',24,13)
LexToken(ID,'i',24,14)
LexToken(FECHACOLCH,']',24,15)
LexToken(PONTOVIRGULA,';',24,16)
LexToken(FECHACHAVE,'}',25,5)
LexToken(ID,'bubblesort',26,14)
LexToken(ABREPAREN,'(',26,15)
LexToken(ID,'v',26,16)
LexToken(VIRGULA,',',26,17)
LexToken(NUMERO,10,26,20)
LexToken(FECHAPAREN,')',26,21)
LexToken(PONTOVIRGULA,';',26,22)
LexToken(FOR,'for',27,7)
LexToken(ABREPAREN,'(',27,9)
LexToken(ID,'i',27,10)
LexToken(ATRIB,'=',27,11)
LexToken(NUMERO,0,27,12)
LexToken(PONTOVIRGULA,';',27,13)
LexToken(ID,'i',27,15)
LexToken(MENOR,'<',27,17)
LexToken(NUMERO,10,27,20)
LexToken(PONTOVIRGULA,';',27,21)
LexToken(ID,'i',27,23)
LexToken(MAISATRIB,'+=',27,25)
LexToken(NUMERO,1,27,26)
LexToken(FECHAPAREN,')',27,27)
LexToken(ABRECHAVE,'{',27,29)
LexToken(ID,'write',28,11)
LexToken(ID,'v',28,13)
LexToken(ABRECOLCH,'[',28,14)
LexToken(ID,'i',28,15)
LexToken(FECHACOLCH,']',28,16)
LexToken(VIRGULA,',',28,17)
LexToken(CADEIA,'" "',28,21)
LexToken(PONTOVIRGULA,';',28,22)
LexToken(FECHACHAVE,'}',29,5)
LexToken(FECHACHAVE,'}',30,3)
